Using pre-set license
Built from '2020.3/staging' branch; Version is '2020.3.25f1 (9b9180224418) revision 10195328'; Using compiler version '192528614'; Build Type 'Release'
OS: 'Windows 10  (10.0.19043) 64bit Professional' Language: 'zh' Physical Memory: 16217 MB
BatchMode: 1, IsHumanControllingUs: 0, StartBugReporterOnCrash: 0, Is64bit: 1, IsPro: 0

COMMAND LINE ARGUMENTS:
C:\Program Files\Unity\Hub\Editor\2020.3.25f1\Editor\Unity.exe
-adb2
-batchMode
-noUpm
-name
AssetImportWorker0
-projectPath
C:/KID/Unity_TNU_WebGame_20220222_B/WebGame_20220222_B
-logFile
Logs/AssetImportWorker0.log
-srvPort
10809
Successfully changed project path to: C:/KID/Unity_TNU_WebGame_20220222_B/WebGame_20220222_B
C:/KID/Unity_TNU_WebGame_20220222_B/WebGame_20220222_B
Using Asset Import Pipeline V2.
Refreshing native plugins compatible for Editor in 43.36 ms, found 3 plugins.
Preloading 0 native plugins for Editor in 0.00 ms.
Initialize engine version: 2020.3.25f1 (9b9180224418)
[Subsystems] Discovering subsystems at path C:/Program Files/Unity/Hub/Editor/2020.3.25f1/Editor/Data/Resources/UnitySubsystems
[Subsystems] Discovering subsystems at path C:/KID/Unity_TNU_WebGame_20220222_B/WebGame_20220222_B/Assets
GfxDevice: creating device client; threaded=0
Direct3D:
    Version:  Direct3D 11.0 [level 11.1]
    Renderer: NVIDIA GeForce GTX 1650 SUPER (ID=0x2187)
    Vendor:   
    VRAM:     3955 MB
    Driver:   27.21.14.5671
Initialize mono
Mono path[0] = 'C:/Program Files/Unity/Hub/Editor/2020.3.25f1/Editor/Data/Managed'
Mono path[1] = 'C:/Program Files/Unity/Hub/Editor/2020.3.25f1/Editor/Data/MonoBleedingEdge/lib/mono/unityjit'
Mono config path = 'C:/Program Files/Unity/Hub/Editor/2020.3.25f1/Editor/Data/MonoBleedingEdge/etc'
Using monoOptions --debugger-agent=transport=dt_socket,embedding=1,server=y,suspend=n,address=127.0.0.1:56248
Begin MonoManager ReloadAssembly
Registering precompiled unity dll's ...
Register platform support module: C:/Program Files/Unity/Hub/Editor/2020.3.25f1/Editor/Data/PlaybackEngines/WebGLSupport/UnityEditor.WebGL.Extensions.dll
Register platform support module: C:/Program Files/Unity/Hub/Editor/2020.3.25f1/Editor/Data/PlaybackEngines/WindowsStandaloneSupport/UnityEditor.WindowsStandalone.Extensions.dll
Registered in 0.001149 seconds.
Native extension for WindowsStandalone target not found
Native extension for WebGL target not found
Refreshing native plugins compatible for Editor in 71.64 ms, found 3 plugins.
Preloading 0 native plugins for Editor in 0.00 ms.
Mono: successfully reloaded assembly
- Completed reload, in  0.606 seconds
Domain Reload Profiling:
	ReloadAssembly (606ms)
		BeginReloadAssembly (48ms)
			ExecutionOrderSort (0ms)
			DisableScriptedObjects (0ms)
			BackupInstance (0ms)
			ReleaseScriptingObjects (0ms)
			CreateAndSetChildDomain (1ms)
		EndReloadAssembly (487ms)
			LoadAssemblies (47ms)
			RebuildTransferFunctionScriptingTraits (0ms)
			SetupTypeCache (152ms)
			ReleaseScriptCaches (0ms)
			RebuildScriptCaches (32ms)
			SetupLoadedEditorAssemblies (200ms)
				LogAssemblyErrors (0ms)
				InitializePlatformSupportModulesInManaged (5ms)
				SetLoadedEditorAssemblies (0ms)
				RefreshPlugins (72ms)
				BeforeProcessingInitializeOnLoad (8ms)
				ProcessInitializeOnLoadAttributes (85ms)
				ProcessInitializeOnLoadMethodAttributes (30ms)
				AfterProcessingInitializeOnLoad (0ms)
				EditorAssembliesLoaded (0ms)
			ExecutionOrderSort2 (0ms)
			AwakeInstancesAfterBackupRestoration (0ms)
Platform modules already initialized, skipping
Registering precompiled user dll's ...
Registered in 0.002542 seconds.
Begin MonoManager ReloadAssembly
Native extension for WindowsStandalone target not found
Native extension for WebGL target not found
Refreshing native plugins compatible for Editor in 43.69 ms, found 3 plugins.
Preloading 0 native plugins for Editor in 0.00 ms.
Mono: successfully reloaded assembly
- Completed reload, in  1.072 seconds
Domain Reload Profiling:
	ReloadAssembly (1073ms)
		BeginReloadAssembly (136ms)
			ExecutionOrderSort (0ms)
			DisableScriptedObjects (4ms)
			BackupInstance (0ms)
			ReleaseScriptingObjects (0ms)
			CreateAndSetChildDomain (20ms)
		EndReloadAssembly (876ms)
			LoadAssemblies (82ms)
			RebuildTransferFunctionScriptingTraits (0ms)
			SetupTypeCache (298ms)
			ReleaseScriptCaches (0ms)
			RebuildScriptCaches (45ms)
			SetupLoadedEditorAssemblies (327ms)
				LogAssemblyErrors (0ms)
				InitializePlatformSupportModulesInManaged (4ms)
				SetLoadedEditorAssemblies (0ms)
				RefreshPlugins (44ms)
				BeforeProcessingInitializeOnLoad (64ms)
				ProcessInitializeOnLoadAttributes (195ms)
				ProcessInitializeOnLoadMethodAttributes (16ms)
				AfterProcessingInitializeOnLoad (3ms)
				EditorAssembliesLoaded (0ms)
			ExecutionOrderSort2 (0ms)
			AwakeInstancesAfterBackupRestoration (6ms)
Platform modules already initialized, skipping
========================================================================
Worker process is ready to serve import requests
Launched and connected shader compiler UnityShaderCompiler.exe after 0.03 seconds
Refreshing native plugins compatible for Editor in 0.46 ms, found 3 plugins.
Preloading 0 native plugins for Editor in 0.00 ms.
Unloading 2194 Unused Serialized files (Serialized files now loaded: 0)
System memory in use before: 95.8 MB.
System memory in use after: 95.9 MB.

Unloading 28 unused Assets to reduce memory usage. Loaded Objects now: 2627.
Total: 2.585200 ms (FindLiveObjects: 0.192700 ms CreateObjectMapping: 0.069600 ms MarkObjects: 2.272400 ms  DeleteObjects: 0.049800 ms)

AssetImportParameters requested are different than current active one (requested -> active):
  custom:framework-win-MediaFoundation: 216162199b28c13a410421893ffa2e32 -> 
  custom:video-decoder-ogg-theora: a1e56fd34408186e4bbccfd4996cb3dc -> 
  custom:container-muxer-webm: aa71ff27fc2769a1b78a27578f13a17b -> 
  custom:container-demuxer-webm: 4f35f7cbe854078d1ac9338744f61a02 -> 
  custom:container-demuxer-ogg: 62fdf1f143b41e24485cea50d1cbac27 -> 
  custom:video-encoder-webm-vp8: eb34c28f22e8b96e1ab97ce403110664 -> 
  custom:video-decoder-webm-vp8: 9c59270c3fd7afecdb556c50c9e8de78 -> 
  custom:audio-decoder-ogg-vorbis: bf7c407c2cedff20999df2af8eb42d56 -> 
  custom:audio-encoder-webm-vorbis: bf7c407c2cedff20999df2af8eb42d56 -> 
========================================================================
Received Import Request.
  path: Assets/spritesheet
  artifactKey: Guid(696037d754944fb46805bbf42aecea2c) Importer(815301076,1909f56bfc062723c751e8b465ee728b)
Start importing Assets/spritesheet using Guid(696037d754944fb46805bbf42aecea2c) Importer(815301076,1909f56bfc062723c751e8b465ee728b)  -> (artifact id: '5c01379811ab79ba4e3d3f6b1acc4601') in 0.003380 seconds 
  Import took 0.005814 seconds .

========================================================================
Received Import Request.
  Time since last request: 5.004387 seconds.
  path: Assets/圖片
  artifactKey: Guid(696037d754944fb46805bbf42aecea2c) Importer(815301076,1909f56bfc062723c751e8b465ee728b)
Start importing Assets/圖片 using Guid(696037d754944fb46805bbf42aecea2c) Importer(815301076,1909f56bfc062723c751e8b465ee728b)  -> (artifact id: '5852974fc0f4c2b9f126514fb8d879b6') in 0.001198 seconds 
  Import took 0.005089 seconds .

========================================================================
Received Import Request.
  Time since last request: 2.325134 seconds.
  path: Assets/圖片/props_big_stone.png
  artifactKey: Guid(9a3102c632afa9949b6230c8103ea2cf) Importer(815301076,1909f56bfc062723c751e8b465ee728b)
Start importing Assets/圖片/props_big_stone.png using Guid(9a3102c632afa9949b6230c8103ea2cf) Importer(815301076,1909f56bfc062723c751e8b465ee728b)  -> (artifact id: '35e3c1aef02e409be6874a541236d486') in 0.079463 seconds 
  Import took 0.082448 seconds .

========================================================================
Received Import Request.
  Time since last request: 0.000355 seconds.
  path: Assets/圖片/props_sign.png
  artifactKey: Guid(cad01a641ef58da45a4ecf27a2eed568) Importer(815301076,1909f56bfc062723c751e8b465ee728b)
Start importing Assets/圖片/props_sign.png using Guid(cad01a641ef58da45a4ecf27a2eed568) Importer(815301076,1909f56bfc062723c751e8b465ee728b)  -> (artifact id: 'db17d2c10cfb0f4a9a55e8e951a787c2') in 0.011669 seconds 
  Import took 0.018522 seconds .

========================================================================
Received Import Request.
  Time since last request: 0.000259 seconds.
  path: Assets/圖片/props_tree_couple.png
  artifactKey: Guid(d89b033a6610b4f4bb14c4856308cdee) Importer(815301076,1909f56bfc062723c751e8b465ee728b)
Start importing Assets/圖片/props_tree_couple.png using Guid(d89b033a6610b4f4bb14c4856308cdee) Importer(815301076,1909f56bfc062723c751e8b465ee728b)  -> (artifact id: '25c937a18c370c5f23c4a2354a4a8ed3') in 0.024413 seconds 
  Import took 0.027447 seconds .

========================================================================
Received Import Request.
  Time since last request: 0.000363 seconds.
  path: Assets/圖片/props_tree.png
  artifactKey: Guid(e9601dd9c57b7ae4ca48b4a555dd4985) Importer(815301076,1909f56bfc062723c751e8b465ee728b)
Start importing Assets/圖片/props_tree.png using Guid(e9601dd9c57b7ae4ca48b4a555dd4985) Importer(815301076,1909f56bfc062723c751e8b465ee728b)  -> (artifact id: 'dceb9982f346a3bc6cdb0395f8267671') in 0.040371 seconds 
  Import took 0.043873 seconds .

========================================================================
Received Import Request.
  Time since last request: 0.000241 seconds.
  path: Assets/圖片/props_chest_closed.png
  artifactKey: Guid(70868bceef426b24182d7afb28419ee4) Importer(815301076,1909f56bfc062723c751e8b465ee728b)
Start importing Assets/圖片/props_chest_closed.png using Guid(70868bceef426b24182d7afb28419ee4) Importer(815301076,1909f56bfc062723c751e8b465ee728b)  -> (artifact id: 'f9c13c4b56f6e88b7ea0cbf3d3eaadc0') in 0.011369 seconds 
  Import took 0.017260 seconds .

========================================================================
Received Import Request.
  Time since last request: 0.000417 seconds.
  path: Assets/圖片/props_mid_stone.png
  artifactKey: Guid(974999027255305488e6633869373467) Importer(815301076,1909f56bfc062723c751e8b465ee728b)
Start importing Assets/圖片/props_mid_stone.png using Guid(974999027255305488e6633869373467) Importer(815301076,1909f56bfc062723c751e8b465ee728b)  -> (artifact id: '4034d50819435bb58124c762256a290a') in 0.023100 seconds 
  Import took 0.027442 seconds .

========================================================================
Received Import Request.
  Time since last request: 0.000240 seconds.
  path: Assets/圖片/props_tree_goup.png
  artifactKey: Guid(9c284f494036ed94a9590d42f1b93044) Importer(815301076,1909f56bfc062723c751e8b465ee728b)
Start importing Assets/圖片/props_tree_goup.png using Guid(9c284f494036ed94a9590d42f1b93044) Importer(815301076,1909f56bfc062723c751e8b465ee728b)  -> (artifact id: 'ed041e5f3a4aaee704423c8e3444c4a1') in 0.026972 seconds 
  Import took 0.030993 seconds .

========================================================================
Received Import Request.
  Time since last request: 0.000241 seconds.
  path: Assets/圖片/props_small_stone.png
  artifactKey: Guid(ec2e31297f6d2ea478f9de1216a6ecb2) Importer(815301076,1909f56bfc062723c751e8b465ee728b)
Start importing Assets/圖片/props_small_stone.png using Guid(ec2e31297f6d2ea478f9de1216a6ecb2) Importer(815301076,1909f56bfc062723c751e8b465ee728b)  -> (artifact id: '42931e17019a91d0c984c7594febb603') in 0.023593 seconds 
  Import took 0.026706 seconds .

========================================================================
Received Import Request.
  Time since last request: 0.000256 seconds.
  path: Assets/圖片/props_skull.png
  artifactKey: Guid(e890e523a82f3584dbbac948dfd73222) Importer(815301076,1909f56bfc062723c751e8b465ee728b)
Start importing Assets/圖片/props_skull.png using Guid(e890e523a82f3584dbbac948dfd73222) Importer(815301076,1909f56bfc062723c751e8b465ee728b)  -> (artifact id: '65e1c9ad59809934ad37932c88c96abb') in 0.015526 seconds 
  Import took 0.020005 seconds .

========================================================================
Received Import Request.
  Time since last request: 0.000418 seconds.
  path: Assets/圖片/tileset_florest.png
  artifactKey: Guid(f3149d877b1fa8746aaf315b13616814) Importer(815301076,1909f56bfc062723c751e8b465ee728b)
Start importing Assets/圖片/tileset_florest.png using Guid(f3149d877b1fa8746aaf315b13616814) Importer(815301076,1909f56bfc062723c751e8b465ee728b)  -> (artifact id: 'e4aaeff7b3a8e3ed7ed78001120d9c6f') in 0.016539 seconds 
  Import took 0.021292 seconds .

========================================================================
Received Import Request.
  Time since last request: 0.000355 seconds.
  path: Assets/圖片/ui_coin.png
  artifactKey: Guid(88ae5e434ec031c49a345cdfab7ed202) Importer(815301076,1909f56bfc062723c751e8b465ee728b)
Start importing Assets/圖片/ui_coin.png using Guid(88ae5e434ec031c49a345cdfab7ed202) Importer(815301076,1909f56bfc062723c751e8b465ee728b)  -> (artifact id: 'c6671431a47906d4bef4f69dd1efb10c') in 0.023471 seconds 
  Import took 0.028433 seconds .

========================================================================
Received Import Request.
  Time since last request: 0.000306 seconds.
  path: Assets/圖片/props_grasschest_closed.png
  artifactKey: Guid(4c8e1fdd833c4b3438e843c739a76cfc) Importer(815301076,1909f56bfc062723c751e8b465ee728b)
Start importing Assets/圖片/props_grasschest_closed.png using Guid(4c8e1fdd833c4b3438e843c739a76cfc) Importer(815301076,1909f56bfc062723c751e8b465ee728b)  -> (artifact id: 'f5bf3601595f5f07b3a18de7ea1e4d95') in 0.024266 seconds 
  Import took 0.028223 seconds .

========================================================================
Received Import Request.
  Time since last request: 80.892922 seconds.
  path: Assets/圖片/decor_8x8.png
  artifactKey: Guid(e89d0d6e5b1cf714a97dd3338e190dc6) Importer(815301076,1909f56bfc062723c751e8b465ee728b)
Start importing Assets/圖片/decor_8x8.png using Guid(e89d0d6e5b1cf714a97dd3338e190dc6) Importer(815301076,1909f56bfc062723c751e8b465ee728b)  -> (artifact id: '693dde9a40ac8fd628ab2393c61afcc2') in 0.013014 seconds 
  Import took 0.017717 seconds .

========================================================================
Received Import Request.
  Time since last request: 0.000266 seconds.
  path: Assets/圖片/decor_16x16.png
  artifactKey: Guid(1cd781659026a23469ef7758da609a19) Importer(815301076,1909f56bfc062723c751e8b465ee728b)
Start importing Assets/圖片/decor_16x16.png using Guid(1cd781659026a23469ef7758da609a19) Importer(815301076,1909f56bfc062723c751e8b465ee728b)  -> (artifact id: '3bfde7c2f78c4b3d41e7f04821a8e810') in 0.013152 seconds 
  Import took 0.016955 seconds .

========================================================================
Received Import Request.
  Time since last request: 0.000234 seconds.
  path: Assets/圖片/plains.png
  artifactKey: Guid(b8e655cb64e52344ba1b2811dd003780) Importer(815301076,1909f56bfc062723c751e8b465ee728b)
Start importing Assets/圖片/plains.png using Guid(b8e655cb64e52344ba1b2811dd003780) Importer(815301076,1909f56bfc062723c751e8b465ee728b)  -> (artifact id: '968f65690099d54b491808dcf1149008') in 0.015169 seconds 
  Import took 0.019349 seconds .

========================================================================
Received Import Request.
  Time since last request: 0.000309 seconds.
  path: Assets/圖片/fences.png
  artifactKey: Guid(9a9bbafe98c948d4283a295493f446d9) Importer(815301076,1909f56bfc062723c751e8b465ee728b)
Start importing Assets/圖片/fences.png using Guid(9a9bbafe98c948d4283a295493f446d9) Importer(815301076,1909f56bfc062723c751e8b465ee728b)  -> (artifact id: 'bc823a6b024403451a5ce0789e7218df') in 0.008897 seconds 
  Import took 0.012750 seconds .

========================================================================
Received Import Request.
  Time since last request: 0.000250 seconds.
  path: Assets/圖片/grass.png
  artifactKey: Guid(6c3a9ba7fadac394eb081d43066a52e5) Importer(815301076,1909f56bfc062723c751e8b465ee728b)
Start importing Assets/圖片/grass.png using Guid(6c3a9ba7fadac394eb081d43066a52e5) Importer(815301076,1909f56bfc062723c751e8b465ee728b)  -> (artifact id: 'f1b056098c8eb03a41fe0d060618375b') in 0.007626 seconds 
  Import took 0.011377 seconds .

========================================================================
Received Import Request.
  Time since last request: 1093.009692 seconds.
  path: Assets/圖片/tileset_florest.png
  artifactKey: Guid(f3149d877b1fa8746aaf315b13616814) Importer(815301076,1909f56bfc062723c751e8b465ee728b)
Start importing Assets/圖片/tileset_florest.png using Guid(f3149d877b1fa8746aaf315b13616814) Importer(815301076,1909f56bfc062723c751e8b465ee728b)  -> (artifact id: 'db36b5eb8ab04abe4a50395a5d1796f0') in 0.005172 seconds 
  Import took 0.010118 seconds .

========================================================================
Received Import Request.
  Time since last request: 171.258295 seconds.
  path: Assets/圖片/tileset_florest.png
  artifactKey: Guid(f3149d877b1fa8746aaf315b13616814) Importer(815301076,1909f56bfc062723c751e8b465ee728b)
Start importing Assets/圖片/tileset_florest.png using Guid(f3149d877b1fa8746aaf315b13616814) Importer(815301076,1909f56bfc062723c751e8b465ee728b)  -> (artifact id: '2c2a9767f2045061e082e8c4ee454989') in 0.250920 seconds 
  Import took 0.254478 seconds .

========================================================================
Received Import Request.
  Time since last request: 25.502716 seconds.
  path: Assets/圖片/plains.png
  artifactKey: Guid(b8e655cb64e52344ba1b2811dd003780) Importer(815301076,1909f56bfc062723c751e8b465ee728b)
Start importing Assets/圖片/plains.png using Guid(b8e655cb64e52344ba1b2811dd003780) Importer(815301076,1909f56bfc062723c751e8b465ee728b)  -> (artifact id: 'ccd12cbab42e8cc27a6e8414661a3d75') in 0.005329 seconds 
  Import took 0.008928 seconds .

========================================================================
Received Import Request.
  Time since last request: 56.974901 seconds.
  path: Assets/圖片/plains.png
  artifactKey: Guid(b8e655cb64e52344ba1b2811dd003780) Importer(815301076,1909f56bfc062723c751e8b465ee728b)
Start importing Assets/圖片/plains.png using Guid(b8e655cb64e52344ba1b2811dd003780) Importer(815301076,1909f56bfc062723c751e8b465ee728b)  -> (artifact id: 'b3272ab066f06e8ff089a1877e76eed3') in 0.152862 seconds 
  Import took 0.156174 seconds .

========================================================================
Received Import Request.
  Time since last request: 34.331178 seconds.
  path: Assets/圖片/decor_16x16.png
  artifactKey: Guid(1cd781659026a23469ef7758da609a19) Importer(815301076,1909f56bfc062723c751e8b465ee728b)
Start importing Assets/圖片/decor_16x16.png using Guid(1cd781659026a23469ef7758da609a19) Importer(815301076,1909f56bfc062723c751e8b465ee728b)  -> (artifact id: '7e0197d2d0ff3064760da7ad9d9d2feb') in 0.005659 seconds 
  Import took 0.009190 seconds .

========================================================================
Received Import Request.
  Time since last request: 5.929501 seconds.
  path: Assets/圖片/decor_16x16.png
  artifactKey: Guid(1cd781659026a23469ef7758da609a19) Importer(815301076,1909f56bfc062723c751e8b465ee728b)
Start importing Assets/圖片/decor_16x16.png using Guid(1cd781659026a23469ef7758da609a19) Importer(815301076,1909f56bfc062723c751e8b465ee728b)  -> (artifact id: 'c9d5fcc74c00cacb9c53d4a1b8730cc9') in 0.042949 seconds 
  Import took 0.046374 seconds .

========================================================================
Received Import Request.
  Time since last request: 7.333979 seconds.
  path: Assets/圖片/decor_8x8.png
  artifactKey: Guid(e89d0d6e5b1cf714a97dd3338e190dc6) Importer(815301076,1909f56bfc062723c751e8b465ee728b)
Start importing Assets/圖片/decor_8x8.png using Guid(e89d0d6e5b1cf714a97dd3338e190dc6) Importer(815301076,1909f56bfc062723c751e8b465ee728b)  -> (artifact id: 'ebae3e529aa32549986848cecc39b38c') in 0.005441 seconds 
  Import took 0.008878 seconds .

========================================================================
Received Import Request.
  Time since last request: 7.906345 seconds.
  path: Assets/圖片/decor_8x8.png
  artifactKey: Guid(e89d0d6e5b1cf714a97dd3338e190dc6) Importer(815301076,1909f56bfc062723c751e8b465ee728b)
Start importing Assets/圖片/decor_8x8.png using Guid(e89d0d6e5b1cf714a97dd3338e190dc6) Importer(815301076,1909f56bfc062723c751e8b465ee728b)  -> (artifact id: '6c93533e1b6e0d3a02aec23e435b8d75') in 0.055360 seconds 
  Import took 0.059044 seconds .

========================================================================
Received Import Request.
  Time since last request: 7.286195 seconds.
  path: Assets/圖片/fences.png
  artifactKey: Guid(9a9bbafe98c948d4283a295493f446d9) Importer(815301076,1909f56bfc062723c751e8b465ee728b)
Start importing Assets/圖片/fences.png using Guid(9a9bbafe98c948d4283a295493f446d9) Importer(815301076,1909f56bfc062723c751e8b465ee728b)  -> (artifact id: 'e606b4de4f52dc958886666f96f48e34') in 0.006376 seconds 
  Import took 0.009818 seconds .

========================================================================
Received Import Request.
  Time since last request: 10.224666 seconds.
  path: Assets/圖片/fences.png
  artifactKey: Guid(9a9bbafe98c948d4283a295493f446d9) Importer(815301076,1909f56bfc062723c751e8b465ee728b)
Start importing Assets/圖片/fences.png using Guid(9a9bbafe98c948d4283a295493f446d9) Importer(815301076,1909f56bfc062723c751e8b465ee728b)  -> (artifact id: '11b53ddf93ee2f8dbbd8f73fd0139a1b') in 0.056243 seconds 
  Import took 0.061137 seconds .

AssetImportWorkerClient::OnTransportError - code=2 error=End of file
